<?xml version="1.0" encoding="UTF-8"?>
<testsuite xmlns:xsi="http://www.w3.org/2001/XMLSchema-instance" xsi:noNamespaceSchemaLocation="https://maven.apache.org/surefire/maven-surefire-plugin/xsd/surefire-test-report.xsd" name="com.baeldung.camel.boot.testing.GreetingsFileRouterUnitTest" time="5.32" tests="1" errors="0" skipped="0" failures="0">
  <properties>
    <property name="java.specification.version" value="17"/>
    <property name="sun.cpu.isalist" value="amd64"/>
    <property name="sun.jnu.encoding" value="Cp1252"/>
    <property name="java.class.path" value="C:\Harman\Projects\javaworkspaces\spring-boot-camel\target\test-classes;C:\Harman\Projects\javaworkspaces\spring-boot-camel\target\classes;C:\Users\smajumdar\.m2\repository\org\springframework\boot\spring-boot-starter-web\2.7.0\spring-boot-starter-web-2.7.0.jar;C:\Users\smajumdar\.m2\repository\org\springframework\boot\spring-boot-starter\2.7.0\spring-boot-starter-2.7.0.jar;C:\Users\smajumdar\.m2\repository\org\springframework\boot\spring-boot\2.7.0\spring-boot-2.7.0.jar;C:\Users\smajumdar\.m2\repository\org\springframework\boot\spring-boot-autoconfigure\2.7.0\spring-boot-autoconfigure-2.7.0.jar;C:\Users\smajumdar\.m2\repository\org\springframework\boot\spring-boot-starter-logging\2.7.0\spring-boot-starter-logging-2.7.0.jar;C:\Users\smajumdar\.m2\repository\ch\qos\logback\logback-classic\1.2.11\logback-classic-1.2.11.jar;C:\Users\smajumdar\.m2\repository\ch\qos\logback\logback-core\1.2.11\logback-core-1.2.11.jar;C:\Users\smajumdar\.m2\repository\org\apache\logging\log4j\log4j-to-slf4j\2.17.2\log4j-to-slf4j-2.17.2.jar;C:\Users\smajumdar\.m2\repository\org\apache\logging\log4j\log4j-api\2.17.2\log4j-api-2.17.2.jar;C:\Users\smajumdar\.m2\repository\org\slf4j\jul-to-slf4j\1.7.36\jul-to-slf4j-1.7.36.jar;C:\Users\smajumdar\.m2\repository\jakarta\annotation\jakarta.annotation-api\1.3.5\jakarta.annotation-api-1.3.5.jar;C:\Users\smajumdar\.m2\repository\org\yaml\snakeyaml\1.30\snakeyaml-1.30.jar;C:\Users\smajumdar\.m2\repository\org\springframework\boot\spring-boot-starter-json\2.7.0\spring-boot-starter-json-2.7.0.jar;C:\Users\smajumdar\.m2\repository\com\fasterxml\jackson\core\jackson-databind\2.13.3\jackson-databind-2.13.3.jar;C:\Users\smajumdar\.m2\repository\com\fasterxml\jackson\core\jackson-core\2.13.3\jackson-core-2.13.3.jar;C:\Users\smajumdar\.m2\repository\com\fasterxml\jackson\datatype\jackson-datatype-jdk8\2.13.3\jackson-datatype-jdk8-2.13.3.jar;C:\Users\smajumdar\.m2\repository\com\fasterxml\jackson\datatype\jackson-datatype-jsr310\2.13.3\jackson-datatype-jsr310-2.13.3.jar;C:\Users\smajumdar\.m2\repository\com\fasterxml\jackson\module\jackson-module-parameter-names\2.13.3\jackson-module-parameter-names-2.13.3.jar;C:\Users\smajumdar\.m2\repository\org\springframework\boot\spring-boot-starter-tomcat\2.7.0\spring-boot-starter-tomcat-2.7.0.jar;C:\Users\smajumdar\.m2\repository\org\apache\tomcat\embed\tomcat-embed-core\9.0.63\tomcat-embed-core-9.0.63.jar;C:\Users\smajumdar\.m2\repository\org\apache\tomcat\embed\tomcat-embed-el\9.0.63\tomcat-embed-el-9.0.63.jar;C:\Users\smajumdar\.m2\repository\org\apache\tomcat\embed\tomcat-embed-websocket\9.0.63\tomcat-embed-websocket-9.0.63.jar;C:\Users\smajumdar\.m2\repository\org\springframework\spring-web\5.3.20\spring-web-5.3.20.jar;C:\Users\smajumdar\.m2\repository\org\springframework\spring-beans\5.3.20\spring-beans-5.3.20.jar;C:\Users\smajumdar\.m2\repository\org\springframework\spring-webmvc\5.3.20\spring-webmvc-5.3.20.jar;C:\Users\smajumdar\.m2\repository\org\springframework\spring-aop\5.3.20\spring-aop-5.3.20.jar;C:\Users\smajumdar\.m2\repository\org\springframework\spring-context\5.3.20\spring-context-5.3.20.jar;C:\Users\smajumdar\.m2\repository\org\springframework\spring-expression\5.3.20\spring-expression-5.3.20.jar;C:\Users\smajumdar\.m2\repository\org\springframework\boot\spring-boot-starter-test\2.7.0\spring-boot-starter-test-2.7.0.jar;C:\Users\smajumdar\.m2\repository\org\springframework\boot\spring-boot-test\2.7.0\spring-boot-test-2.7.0.jar;C:\Users\smajumdar\.m2\repository\org\springframework\boot\spring-boot-test-autoconfigure\2.7.0\spring-boot-test-autoconfigure-2.7.0.jar;C:\Users\smajumdar\.m2\repository\com\jayway\jsonpath\json-path\2.7.0\json-path-2.7.0.jar;C:\Users\smajumdar\.m2\repository\net\minidev\json-smart\2.4.8\json-smart-2.4.8.jar;C:\Users\smajumdar\.m2\repository\net\minidev\accessors-smart\2.4.8\accessors-smart-2.4.8.jar;C:\Users\smajumdar\.m2\repository\org\ow2\asm\asm\9.1\asm-9.1.jar;C:\Users\smajumdar\.m2\repository\org\slf4j\slf4j-api\1.7.36\slf4j-api-1.7.36.jar;C:\Users\smajumdar\.m2\repository\jakarta\xml\bind\jakarta.xml.bind-api\2.3.3\jakarta.xml.bind-api-2.3.3.jar;C:\Users\smajumdar\.m2\repository\jakarta\activation\jakarta.activation-api\1.2.2\jakarta.activation-api-1.2.2.jar;C:\Users\smajumdar\.m2\repository\org\assertj\assertj-core\3.22.0\assertj-core-3.22.0.jar;C:\Users\smajumdar\.m2\repository\org\hamcrest\hamcrest\2.2\hamcrest-2.2.jar;C:\Users\smajumdar\.m2\repository\org\junit\jupiter\junit-jupiter\5.8.2\junit-jupiter-5.8.2.jar;C:\Users\smajumdar\.m2\repository\org\junit\jupiter\junit-jupiter-api\5.8.2\junit-jupiter-api-5.8.2.jar;C:\Users\smajumdar\.m2\repository\org\opentest4j\opentest4j\1.2.0\opentest4j-1.2.0.jar;C:\Users\smajumdar\.m2\repository\org\junit\platform\junit-platform-commons\1.8.2\junit-platform-commons-1.8.2.jar;C:\Users\smajumdar\.m2\repository\org\apiguardian\apiguardian-api\1.1.2\apiguardian-api-1.1.2.jar;C:\Users\smajumdar\.m2\repository\org\junit\jupiter\junit-jupiter-params\5.8.2\junit-jupiter-params-5.8.2.jar;C:\Users\smajumdar\.m2\repository\org\junit\jupiter\junit-jupiter-engine\5.8.2\junit-jupiter-engine-5.8.2.jar;C:\Users\smajumdar\.m2\repository\org\junit\platform\junit-platform-engine\1.8.2\junit-platform-engine-1.8.2.jar;C:\Users\smajumdar\.m2\repository\org\mockito\mockito-core\4.5.1\mockito-core-4.5.1.jar;C:\Users\smajumdar\.m2\repository\net\bytebuddy\byte-buddy\1.12.10\byte-buddy-1.12.10.jar;C:\Users\smajumdar\.m2\repository\net\bytebuddy\byte-buddy-agent\1.12.10\byte-buddy-agent-1.12.10.jar;C:\Users\smajumdar\.m2\repository\org\objenesis\objenesis\3.2\objenesis-3.2.jar;C:\Users\smajumdar\.m2\repository\org\mockito\mockito-junit-jupiter\4.5.1\mockito-junit-jupiter-4.5.1.jar;C:\Users\smajumdar\.m2\repository\org\skyscreamer\jsonassert\1.5.0\jsonassert-1.5.0.jar;C:\Users\smajumdar\.m2\repository\com\vaadin\external\google\android-json\0.0.20131108.vaadin1\android-json-0.0.20131108.vaadin1.jar;C:\Users\smajumdar\.m2\repository\org\springframework\spring-core\5.3.20\spring-core-5.3.20.jar;C:\Users\smajumdar\.m2\repository\org\springframework\spring-jcl\5.3.20\spring-jcl-5.3.20.jar;C:\Users\smajumdar\.m2\repository\org\springframework\spring-test\5.3.20\spring-test-5.3.20.jar;C:\Users\smajumdar\.m2\repository\org\xmlunit\xmlunit-core\2.9.0\xmlunit-core-2.9.0.jar;C:\Users\smajumdar\.m2\repository\org\apache\camel\springboot\camel-servlet-starter\3.15.0\camel-servlet-starter-3.15.0.jar;C:\Users\smajumdar\.m2\repository\org\apache\camel\camel-servlet\3.15.0\camel-servlet-3.15.0.jar;C:\Users\smajumdar\.m2\repository\org\apache\camel\camel-support\3.15.0\camel-support-3.15.0.jar;C:\Users\smajumdar\.m2\repository\org\apache\camel\camel-api\3.15.0\camel-api-3.15.0.jar;C:\Users\smajumdar\.m2\repository\org\apache\camel\camel-management-api\3.15.0\camel-management-api-3.15.0.jar;C:\Users\smajumdar\.m2\repository\org\apache\camel\camel-util\3.15.0\camel-util-3.15.0.jar;C:\Users\smajumdar\.m2\repository\org\apache\camel\camel-http-common\3.15.0\camel-http-common-3.15.0.jar;C:\Users\smajumdar\.m2\repository\org\apache\camel\camel-http-base\3.15.0\camel-http-base-3.15.0.jar;C:\Users\smajumdar\.m2\repository\org\apache\camel\camel-attachments\3.15.0\camel-attachments-3.15.0.jar;C:\Users\smajumdar\.m2\repository\com\sun\activation\javax.activation\1.2.0\javax.activation-1.2.0.jar;C:\Users\smajumdar\.m2\repository\org\apache\camel\springboot\camel-core-starter\3.15.0\camel-core-starter-3.15.0.jar;C:\Users\smajumdar\.m2\repository\org\apache\camel\camel-core-engine\3.15.0\camel-core-engine-3.15.0.jar;C:\Users\smajumdar\.m2\repository\org\apache\camel\camel-base-engine\3.15.0\camel-base-engine-3.15.0.jar;C:\Users\smajumdar\.m2\repository\org\apache\camel\camel-base\3.15.0\camel-base-3.15.0.jar;C:\Users\smajumdar\.m2\repository\org\apache\camel\camel-core-reifier\3.15.0\camel-core-reifier-3.15.0.jar;C:\Users\smajumdar\.m2\repository\org\apache\camel\camel-core-processor\3.15.0\camel-core-processor-3.15.0.jar;C:\Users\smajumdar\.m2\repository\org\apache\camel\springboot\camel-jackson-starter\3.15.0\camel-jackson-starter-3.15.0.jar;C:\Users\smajumdar\.m2\repository\org\apache\camel\camel-jackson\3.15.0\camel-jackson-3.15.0.jar;C:\Users\smajumdar\.m2\repository\org\apache\camel\springboot\camel-swagger-java-starter\3.15.0\camel-swagger-java-starter-3.15.0.jar;C:\Users\smajumdar\.m2\repository\org\apache\camel\camel-swagger-java\3.15.0\camel-swagger-java-3.15.0.jar;C:\Users\smajumdar\.m2\repository\org\apache\camel\camel-xml-jaxb\3.15.0\camel-xml-jaxb-3.15.0.jar;C:\Users\smajumdar\.m2\repository\com\sun\xml\bind\jaxb-core\2.3.0\jaxb-core-2.3.0.jar;C:\Users\smajumdar\.m2\repository\com\sun\xml\bind\jaxb-impl\2.3.3\jaxb-impl-2.3.3.jar;C:\Users\smajumdar\.m2\repository\com\sun\activation\jakarta.activation\1.2.2\jakarta.activation-1.2.2.jar;C:\Users\smajumdar\.m2\repository\com\fasterxml\jackson\core\jackson-annotations\2.13.3\jackson-annotations-2.13.3.jar;C:\Users\smajumdar\.m2\repository\com\fasterxml\jackson\datatype\jackson-datatype-joda\2.13.3\jackson-datatype-joda-2.13.3.jar;C:\Users\smajumdar\.m2\repository\joda-time\joda-time\2.10.8\joda-time-2.10.8.jar;C:\Users\smajumdar\.m2\repository\com\fasterxml\jackson\dataformat\jackson-dataformat-yaml\2.13.3\jackson-dataformat-yaml-2.13.3.jar;C:\Users\smajumdar\.m2\repository\com\fasterxml\jackson\dataformat\jackson-dataformat-xml\2.13.3\jackson-dataformat-xml-2.13.3.jar;C:\Users\smajumdar\.m2\repository\org\codehaus\woodstox\stax2-api\4.2.1\stax2-api-4.2.1.jar;C:\Users\smajumdar\.m2\repository\com\fasterxml\woodstox\woodstox-core\6.2.7\woodstox-core-6.2.7.jar;C:\Users\smajumdar\.m2\repository\com\fasterxml\jackson\jaxrs\jackson-jaxrs-json-provider\2.13.3\jackson-jaxrs-json-provider-2.13.3.jar;C:\Users\smajumdar\.m2\repository\com\fasterxml\jackson\jaxrs\jackson-jaxrs-base\2.13.3\jackson-jaxrs-base-2.13.3.jar;C:\Users\smajumdar\.m2\repository\com\fasterxml\jackson\module\jackson-module-jaxb-annotations\2.13.3\jackson-module-jaxb-annotations-2.13.3.jar;C:\Users\smajumdar\.m2\repository\com\google\guava\guava\27.1-jre\guava-27.1-jre.jar;C:\Users\smajumdar\.m2\repository\com\google\guava\failureaccess\1.0.1\failureaccess-1.0.1.jar;C:\Users\smajumdar\.m2\repository\com\google\guava\listenablefuture\9999.0-empty-to-avoid-conflict-with-guava\listenablefuture-9999.0-empty-to-avoid-conflict-with-guava.jar;C:\Users\smajumdar\.m2\repository\org\checkerframework\checker-qual\2.5.2\checker-qual-2.5.2.jar;C:\Users\smajumdar\.m2\repository\com\google\errorprone\error_prone_annotations\2.2.0\error_prone_annotations-2.2.0.jar;C:\Users\smajumdar\.m2\repository\com\google\j2objc\j2objc-annotations\1.1\j2objc-annotations-1.1.jar;C:\Users\smajumdar\.m2\repository\org\codehaus\mojo\animal-sniffer-annotations\1.17\animal-sniffer-annotations-1.17.jar;C:\Users\smajumdar\.m2\repository\org\apache\commons\commons-lang3\3.12.0\commons-lang3-3.12.0.jar;C:\Users\smajumdar\.m2\repository\io\swagger\swagger-core\1.6.2\swagger-core-1.6.2.jar;C:\Users\smajumdar\.m2\repository\io\swagger\swagger-models\1.6.2\swagger-models-1.6.2.jar;C:\Users\smajumdar\.m2\repository\javax\validation\validation-api\2.0.1.Final\validation-api-2.0.1.Final.jar;C:\Users\smajumdar\.m2\repository\io\swagger\swagger-annotations\1.6.2\swagger-annotations-1.6.2.jar;C:\Users\smajumdar\.m2\repository\io\swagger\swagger-jaxrs\1.6.2\swagger-jaxrs-1.6.2.jar;C:\Users\smajumdar\.m2\repository\javax\ws\rs\jsr311-api\1.1.1\jsr311-api-1.1.1.jar;C:\Users\smajumdar\.m2\repository\org\reflections\reflections\0.9.11\reflections-0.9.11.jar;C:\Users\smajumdar\.m2\repository\org\javassist\javassist\3.21.0-GA\javassist-3.21.0-GA.jar;C:\Users\smajumdar\.m2\repository\io\swagger\swagger-parser\1.0.51\swagger-parser-1.0.51.jar;C:\Users\smajumdar\.m2\repository\org\slf4j\slf4j-ext\1.7.36\slf4j-ext-1.7.36.jar;C:\Users\smajumdar\.m2\repository\commons-io\commons-io\2.4\commons-io-2.4.jar;C:\Users\smajumdar\.m2\repository\org\hibernate\validator\hibernate-validator\6.2.3.Final\hibernate-validator-6.2.3.Final.jar;C:\Users\smajumdar\.m2\repository\jakarta\validation\jakarta.validation-api\2.0.2\jakarta.validation-api-2.0.2.jar;C:\Users\smajumdar\.m2\repository\org\jboss\logging\jboss-logging\3.4.3.Final\jboss-logging-3.4.3.Final.jar;C:\Users\smajumdar\.m2\repository\com\fasterxml\classmate\1.5.1\classmate-1.5.1.jar;C:\Users\smajumdar\.m2\repository\org\apache\camel\springboot\camel-spring-boot-starter\3.15.0\camel-spring-boot-starter-3.15.0.jar;C:\Users\smajumdar\.m2\repository\org\apache\camel\springboot\camel-spring-boot\3.15.0\camel-spring-boot-3.15.0.jar;C:\Users\smajumdar\.m2\repository\org\apache\camel\camel-spring\3.15.0\camel-spring-3.15.0.jar;C:\Users\smajumdar\.m2\repository\org\springframework\spring-tx\5.3.20\spring-tx-5.3.20.jar;C:\Users\smajumdar\.m2\repository\org\apache\camel\camel-spring-main\3.15.0\camel-spring-main-3.15.0.jar;C:\Users\smajumdar\.m2\repository\org\apache\camel\camel-main\3.15.0\camel-main-3.15.0.jar;C:\Users\smajumdar\.m2\repository\org\apache\camel\camel-xml-jaxb-dsl\3.15.0\camel-xml-jaxb-dsl-3.15.0.jar;C:\Users\smajumdar\.m2\repository\org\apache\camel\camel-dsl-support\3.15.0\camel-dsl-support-3.15.0.jar;C:\Users\smajumdar\.m2\repository\org\apache\camel\camel-cloud\3.15.0\camel-cloud-3.15.0.jar;C:\Users\smajumdar\.m2\repository\org\apache\camel\camel-core-model\3.15.0\camel-core-model-3.15.0.jar;C:\Users\smajumdar\.m2\repository\org\apache\camel\camel-cluster\3.15.0\camel-cluster-3.15.0.jar;C:\Users\smajumdar\.m2\repository\org\apache\camel\camel-health\3.15.0\camel-health-3.15.0.jar;C:\Users\smajumdar\.m2\repository\org\apache\camel\springboot\camel-bean-starter\3.15.0\camel-bean-starter-3.15.0.jar;C:\Users\smajumdar\.m2\repository\org\apache\camel\camel-bean\3.15.0\camel-bean-3.15.0.jar;C:\Users\smajumdar\.m2\repository\org\apache\camel\springboot\camel-browse-starter\3.15.0\camel-browse-starter-3.15.0.jar;C:\Users\smajumdar\.m2\repository\org\apache\camel\camel-browse\3.15.0\camel-browse-3.15.0.jar;C:\Users\smajumdar\.m2\repository\org\apache\camel\springboot\camel-controlbus-starter\3.15.0\camel-controlbus-starter-3.15.0.jar;C:\Users\smajumdar\.m2\repository\org\apache\camel\camel-controlbus\3.15.0\camel-controlbus-3.15.0.jar;C:\Users\smajumdar\.m2\repository\org\apache\camel\springboot\camel-dataformat-starter\3.15.0\camel-dataformat-starter-3.15.0.jar;C:\Users\smajumdar\.m2\repository\org\apache\camel\camel-dataformat\3.15.0\camel-dataformat-3.15.0.jar;C:\Users\smajumdar\.m2\repository\org\apache\camel\springboot\camel-dataset-starter\3.15.0\camel-dataset-starter-3.15.0.jar;C:\Users\smajumdar\.m2\repository\org\apache\camel\camel-dataset\3.15.0\camel-dataset-3.15.0.jar;C:\Users\smajumdar\.m2\repository\org\apache\camel\springboot\camel-direct-starter\3.15.0\camel-direct-starter-3.15.0.jar;C:\Users\smajumdar\.m2\repository\org\apache\camel\camel-direct\3.15.0\camel-direct-3.15.0.jar;C:\Users\smajumdar\.m2\repository\org\apache\camel\springboot\camel-directvm-starter\3.15.0\camel-directvm-starter-3.15.0.jar;C:\Users\smajumdar\.m2\repository\org\apache\camel\camel-directvm\3.15.0\camel-directvm-3.15.0.jar;C:\Users\smajumdar\.m2\repository\org\apache\camel\springboot\camel-file-starter\3.15.0\camel-file-starter-3.15.0.jar;C:\Users\smajumdar\.m2\repository\org\apache\camel\camel-file\3.15.0\camel-file-3.15.0.jar;C:\Users\smajumdar\.m2\repository\org\apache\camel\springboot\camel-language-starter\3.15.0\camel-language-starter-3.15.0.jar;C:\Users\smajumdar\.m2\repository\org\apache\camel\camel-language\3.15.0\camel-language-3.15.0.jar;C:\Users\smajumdar\.m2\repository\org\apache\camel\springboot\camel-log-starter\3.15.0\camel-log-starter-3.15.0.jar;C:\Users\smajumdar\.m2\repository\org\apache\camel\camel-log\3.15.0\camel-log-3.15.0.jar;C:\Users\smajumdar\.m2\repository\org\apache\camel\springboot\camel-mock-starter\3.15.0\camel-mock-starter-3.15.0.jar;C:\Users\smajumdar\.m2\repository\org\apache\camel\camel-mock\3.15.0\camel-mock-3.15.0.jar;C:\Users\smajumdar\.m2\repository\org\apache\camel\springboot\camel-ref-starter\3.15.0\camel-ref-starter-3.15.0.jar;C:\Users\smajumdar\.m2\repository\org\apache\camel\camel-ref\3.15.0\camel-ref-3.15.0.jar;C:\Users\smajumdar\.m2\repository\org\apache\camel\springboot\camel-rest-starter\3.15.0\camel-rest-starter-3.15.0.jar;C:\Users\smajumdar\.m2\repository\org\apache\camel\camel-rest\3.15.0\camel-rest-3.15.0.jar;C:\Users\smajumdar\.m2\repository\org\apache\camel\camel-tooling-model\3.15.0\camel-tooling-model-3.15.0.jar;C:\Users\smajumdar\.m2\repository\org\apache\camel\camel-util-json\3.15.0\camel-util-json-3.15.0.jar;C:\Users\smajumdar\.m2\repository\org\apache\camel\springboot\camel-saga-starter\3.15.0\camel-saga-starter-3.15.0.jar;C:\Users\smajumdar\.m2\repository\org\apache\camel\camel-saga\3.15.0\camel-saga-3.15.0.jar;C:\Users\smajumdar\.m2\repository\org\apache\camel\springboot\camel-scheduler-starter\3.15.0\camel-scheduler-starter-3.15.0.jar;C:\Users\smajumdar\.m2\repository\org\apache\camel\camel-scheduler\3.15.0\camel-scheduler-3.15.0.jar;C:\Users\smajumdar\.m2\repository\org\apache\camel\springboot\camel-seda-starter\3.15.0\camel-seda-starter-3.15.0.jar;C:\Users\smajumdar\.m2\repository\org\apache\camel\camel-seda\3.15.0\camel-seda-3.15.0.jar;C:\Users\smajumdar\.m2\repository\org\apache\camel\springboot\camel-stub-starter\3.15.0\camel-stub-starter-3.15.0.jar;C:\Users\smajumdar\.m2\repository\org\apache\camel\camel-stub\3.15.0\camel-stub-3.15.0.jar;C:\Users\smajumdar\.m2\repository\org\apache\camel\springboot\camel-timer-starter\3.15.0\camel-timer-starter-3.15.0.jar;C:\Users\smajumdar\.m2\repository\org\apache\camel\camel-timer\3.15.0\camel-timer-3.15.0.jar;C:\Users\smajumdar\.m2\repository\org\apache\camel\springboot\camel-validator-starter\3.15.0\camel-validator-starter-3.15.0.jar;C:\Users\smajumdar\.m2\repository\org\apache\camel\camel-validator\3.15.0\camel-validator-3.15.0.jar;C:\Users\smajumdar\.m2\repository\org\apache\camel\springboot\camel-vm-starter\3.15.0\camel-vm-starter-3.15.0.jar;C:\Users\smajumdar\.m2\repository\org\apache\camel\camel-vm\3.15.0\camel-vm-3.15.0.jar;C:\Users\smajumdar\.m2\repository\org\apache\camel\springboot\camel-xpath-starter\3.15.0\camel-xpath-starter-3.15.0.jar;C:\Users\smajumdar\.m2\repository\org\apache\camel\camel-xpath\3.15.0\camel-xpath-3.15.0.jar;C:\Users\smajumdar\.m2\repository\org\apache\camel\springboot\camel-xslt-starter\3.15.0\camel-xslt-starter-3.15.0.jar;C:\Users\smajumdar\.m2\repository\org\apache\camel\camel-xslt\3.15.0\camel-xslt-3.15.0.jar;C:\Users\smajumdar\.m2\repository\org\apache\camel\springboot\camel-xml-jaxp-starter\3.15.0\camel-xml-jaxp-starter-3.15.0.jar;C:\Users\smajumdar\.m2\repository\org\apache\camel\camel-xml-jaxp\3.15.0\camel-xml-jaxp-3.15.0.jar;C:\Users\smajumdar\.m2\repository\org\apache\camel\camel-xml-io-util\3.15.0\camel-xml-io-util-3.15.0.jar;C:\Users\smajumdar\.m2\repository\org\apache\camel\springboot\camel-ftp-starter\3.15.0\camel-ftp-starter-3.15.0.jar;C:\Users\smajumdar\.m2\repository\org\apache\camel\camel-ftp\3.15.0\camel-ftp-3.15.0.jar;C:\Users\smajumdar\.m2\repository\org\apache\camel\camel-core-catalog\3.15.0\camel-core-catalog-3.15.0.jar;C:\Users\smajumdar\.m2\repository\com\jcraft\jsch\0.1.55\jsch-0.1.55.jar;C:\Users\smajumdar\.m2\repository\commons-net\commons-net\3.8.0\commons-net-3.8.0.jar;C:\Users\smajumdar\.m2\repository\org\apache\camel\camel-test-spring-junit5\3.15.0\camel-test-spring-junit5-3.15.0.jar;C:\Users\smajumdar\.m2\repository\org\apache\camel\camel-test-junit5\3.15.0\camel-test-junit5-3.15.0.jar;C:\Users\smajumdar\.m2\repository\org\apache\camel\camel-core-languages\3.15.0\camel-core-languages-3.15.0.jar;C:\Users\smajumdar\.m2\repository\org\apache\camel\camel-spring-xml\3.15.0\camel-spring-xml-3.15.0.jar;C:\Users\smajumdar\.m2\repository\org\apache\camel\camel-core-xml\3.15.0\camel-core-xml-3.15.0.jar;C:\Users\smajumdar\.m2\repository\javax\annotation\javax.annotation-api\1.3.2\javax.annotation-api-1.3.2.jar;"/>
    <property name="java.vm.vendor" value="Oracle Corporation"/>
    <property name="sun.arch.data.model" value="64"/>
    <property name="user.variant" value=""/>
    <property name="java.vendor.url" value="https://java.oracle.com/"/>
    <property name="user.timezone" value="Asia/Calcutta"/>
    <property name="user.country.format" value="PK"/>
    <property name="os.name" value="Windows 10"/>
    <property name="java.vm.specification.version" value="17"/>
    <property name="sun.java.launcher" value="SUN_STANDARD"/>
    <property name="user.country" value="US"/>
    <property name="sun.boot.library.path" value="C:\Harman\java\jdk17\bin"/>
    <property name="sun.java.command" value="C:\Users\SMAJUM~1\AppData\Local\Temp\surefire9186547301951393636\surefirebooter8898119509615125500.jar C:\Users\smajumdar\AppData\Local\Temp\surefire9186547301951393636 2022-05-25T22-42-30_008-jvmRun1 surefire5926665203653132594tmp surefire_04447544073666201759tmp"/>
    <property name="jdk.debug" value="release"/>
    <property name="surefire.test.class.path" value="C:\Harman\Projects\javaworkspaces\spring-boot-camel\target\test-classes;C:\Harman\Projects\javaworkspaces\spring-boot-camel\target\classes;C:\Users\smajumdar\.m2\repository\org\springframework\boot\spring-boot-starter-web\2.7.0\spring-boot-starter-web-2.7.0.jar;C:\Users\smajumdar\.m2\repository\org\springframework\boot\spring-boot-starter\2.7.0\spring-boot-starter-2.7.0.jar;C:\Users\smajumdar\.m2\repository\org\springframework\boot\spring-boot\2.7.0\spring-boot-2.7.0.jar;C:\Users\smajumdar\.m2\repository\org\springframework\boot\spring-boot-autoconfigure\2.7.0\spring-boot-autoconfigure-2.7.0.jar;C:\Users\smajumdar\.m2\repository\org\springframework\boot\spring-boot-starter-logging\2.7.0\spring-boot-starter-logging-2.7.0.jar;C:\Users\smajumdar\.m2\repository\ch\qos\logback\logback-classic\1.2.11\logback-classic-1.2.11.jar;C:\Users\smajumdar\.m2\repository\ch\qos\logback\logback-core\1.2.11\logback-core-1.2.11.jar;C:\Users\smajumdar\.m2\repository\org\apache\logging\log4j\log4j-to-slf4j\2.17.2\log4j-to-slf4j-2.17.2.jar;C:\Users\smajumdar\.m2\repository\org\apache\logging\log4j\log4j-api\2.17.2\log4j-api-2.17.2.jar;C:\Users\smajumdar\.m2\repository\org\slf4j\jul-to-slf4j\1.7.36\jul-to-slf4j-1.7.36.jar;C:\Users\smajumdar\.m2\repository\jakarta\annotation\jakarta.annotation-api\1.3.5\jakarta.annotation-api-1.3.5.jar;C:\Users\smajumdar\.m2\repository\org\yaml\snakeyaml\1.30\snakeyaml-1.30.jar;C:\Users\smajumdar\.m2\repository\org\springframework\boot\spring-boot-starter-json\2.7.0\spring-boot-starter-json-2.7.0.jar;C:\Users\smajumdar\.m2\repository\com\fasterxml\jackson\core\jackson-databind\2.13.3\jackson-databind-2.13.3.jar;C:\Users\smajumdar\.m2\repository\com\fasterxml\jackson\core\jackson-core\2.13.3\jackson-core-2.13.3.jar;C:\Users\smajumdar\.m2\repository\com\fasterxml\jackson\datatype\jackson-datatype-jdk8\2.13.3\jackson-datatype-jdk8-2.13.3.jar;C:\Users\smajumdar\.m2\repository\com\fasterxml\jackson\datatype\jackson-datatype-jsr310\2.13.3\jackson-datatype-jsr310-2.13.3.jar;C:\Users\smajumdar\.m2\repository\com\fasterxml\jackson\module\jackson-module-parameter-names\2.13.3\jackson-module-parameter-names-2.13.3.jar;C:\Users\smajumdar\.m2\repository\org\springframework\boot\spring-boot-starter-tomcat\2.7.0\spring-boot-starter-tomcat-2.7.0.jar;C:\Users\smajumdar\.m2\repository\org\apache\tomcat\embed\tomcat-embed-core\9.0.63\tomcat-embed-core-9.0.63.jar;C:\Users\smajumdar\.m2\repository\org\apache\tomcat\embed\tomcat-embed-el\9.0.63\tomcat-embed-el-9.0.63.jar;C:\Users\smajumdar\.m2\repository\org\apache\tomcat\embed\tomcat-embed-websocket\9.0.63\tomcat-embed-websocket-9.0.63.jar;C:\Users\smajumdar\.m2\repository\org\springframework\spring-web\5.3.20\spring-web-5.3.20.jar;C:\Users\smajumdar\.m2\repository\org\springframework\spring-beans\5.3.20\spring-beans-5.3.20.jar;C:\Users\smajumdar\.m2\repository\org\springframework\spring-webmvc\5.3.20\spring-webmvc-5.3.20.jar;C:\Users\smajumdar\.m2\repository\org\springframework\spring-aop\5.3.20\spring-aop-5.3.20.jar;C:\Users\smajumdar\.m2\repository\org\springframework\spring-context\5.3.20\spring-context-5.3.20.jar;C:\Users\smajumdar\.m2\repository\org\springframework\spring-expression\5.3.20\spring-expression-5.3.20.jar;C:\Users\smajumdar\.m2\repository\org\springframework\boot\spring-boot-starter-test\2.7.0\spring-boot-starter-test-2.7.0.jar;C:\Users\smajumdar\.m2\repository\org\springframework\boot\spring-boot-test\2.7.0\spring-boot-test-2.7.0.jar;C:\Users\smajumdar\.m2\repository\org\springframework\boot\spring-boot-test-autoconfigure\2.7.0\spring-boot-test-autoconfigure-2.7.0.jar;C:\Users\smajumdar\.m2\repository\com\jayway\jsonpath\json-path\2.7.0\json-path-2.7.0.jar;C:\Users\smajumdar\.m2\repository\net\minidev\json-smart\2.4.8\json-smart-2.4.8.jar;C:\Users\smajumdar\.m2\repository\net\minidev\accessors-smart\2.4.8\accessors-smart-2.4.8.jar;C:\Users\smajumdar\.m2\repository\org\ow2\asm\asm\9.1\asm-9.1.jar;C:\Users\smajumdar\.m2\repository\org\slf4j\slf4j-api\1.7.36\slf4j-api-1.7.36.jar;C:\Users\smajumdar\.m2\repository\jakarta\xml\bind\jakarta.xml.bind-api\2.3.3\jakarta.xml.bind-api-2.3.3.jar;C:\Users\smajumdar\.m2\repository\jakarta\activation\jakarta.activation-api\1.2.2\jakarta.activation-api-1.2.2.jar;C:\Users\smajumdar\.m2\repository\org\assertj\assertj-core\3.22.0\assertj-core-3.22.0.jar;C:\Users\smajumdar\.m2\repository\org\hamcrest\hamcrest\2.2\hamcrest-2.2.jar;C:\Users\smajumdar\.m2\repository\org\junit\jupiter\junit-jupiter\5.8.2\junit-jupiter-5.8.2.jar;C:\Users\smajumdar\.m2\repository\org\junit\jupiter\junit-jupiter-api\5.8.2\junit-jupiter-api-5.8.2.jar;C:\Users\smajumdar\.m2\repository\org\opentest4j\opentest4j\1.2.0\opentest4j-1.2.0.jar;C:\Users\smajumdar\.m2\repository\org\junit\platform\junit-platform-commons\1.8.2\junit-platform-commons-1.8.2.jar;C:\Users\smajumdar\.m2\repository\org\apiguardian\apiguardian-api\1.1.2\apiguardian-api-1.1.2.jar;C:\Users\smajumdar\.m2\repository\org\junit\jupiter\junit-jupiter-params\5.8.2\junit-jupiter-params-5.8.2.jar;C:\Users\smajumdar\.m2\repository\org\junit\jupiter\junit-jupiter-engine\5.8.2\junit-jupiter-engine-5.8.2.jar;C:\Users\smajumdar\.m2\repository\org\junit\platform\junit-platform-engine\1.8.2\junit-platform-engine-1.8.2.jar;C:\Users\smajumdar\.m2\repository\org\mockito\mockito-core\4.5.1\mockito-core-4.5.1.jar;C:\Users\smajumdar\.m2\repository\net\bytebuddy\byte-buddy\1.12.10\byte-buddy-1.12.10.jar;C:\Users\smajumdar\.m2\repository\net\bytebuddy\byte-buddy-agent\1.12.10\byte-buddy-agent-1.12.10.jar;C:\Users\smajumdar\.m2\repository\org\objenesis\objenesis\3.2\objenesis-3.2.jar;C:\Users\smajumdar\.m2\repository\org\mockito\mockito-junit-jupiter\4.5.1\mockito-junit-jupiter-4.5.1.jar;C:\Users\smajumdar\.m2\repository\org\skyscreamer\jsonassert\1.5.0\jsonassert-1.5.0.jar;C:\Users\smajumdar\.m2\repository\com\vaadin\external\google\android-json\0.0.20131108.vaadin1\android-json-0.0.20131108.vaadin1.jar;C:\Users\smajumdar\.m2\repository\org\springframework\spring-core\5.3.20\spring-core-5.3.20.jar;C:\Users\smajumdar\.m2\repository\org\springframework\spring-jcl\5.3.20\spring-jcl-5.3.20.jar;C:\Users\smajumdar\.m2\repository\org\springframework\spring-test\5.3.20\spring-test-5.3.20.jar;C:\Users\smajumdar\.m2\repository\org\xmlunit\xmlunit-core\2.9.0\xmlunit-core-2.9.0.jar;C:\Users\smajumdar\.m2\repository\org\apache\camel\springboot\camel-servlet-starter\3.15.0\camel-servlet-starter-3.15.0.jar;C:\Users\smajumdar\.m2\repository\org\apache\camel\camel-servlet\3.15.0\camel-servlet-3.15.0.jar;C:\Users\smajumdar\.m2\repository\org\apache\camel\camel-support\3.15.0\camel-support-3.15.0.jar;C:\Users\smajumdar\.m2\repository\org\apache\camel\camel-api\3.15.0\camel-api-3.15.0.jar;C:\Users\smajumdar\.m2\repository\org\apache\camel\camel-management-api\3.15.0\camel-management-api-3.15.0.jar;C:\Users\smajumdar\.m2\repository\org\apache\camel\camel-util\3.15.0\camel-util-3.15.0.jar;C:\Users\smajumdar\.m2\repository\org\apache\camel\camel-http-common\3.15.0\camel-http-common-3.15.0.jar;C:\Users\smajumdar\.m2\repository\org\apache\camel\camel-http-base\3.15.0\camel-http-base-3.15.0.jar;C:\Users\smajumdar\.m2\repository\org\apache\camel\camel-attachments\3.15.0\camel-attachments-3.15.0.jar;C:\Users\smajumdar\.m2\repository\com\sun\activation\javax.activation\1.2.0\javax.activation-1.2.0.jar;C:\Users\smajumdar\.m2\repository\org\apache\camel\springboot\camel-core-starter\3.15.0\camel-core-starter-3.15.0.jar;C:\Users\smajumdar\.m2\repository\org\apache\camel\camel-core-engine\3.15.0\camel-core-engine-3.15.0.jar;C:\Users\smajumdar\.m2\repository\org\apache\camel\camel-base-engine\3.15.0\camel-base-engine-3.15.0.jar;C:\Users\smajumdar\.m2\repository\org\apache\camel\camel-base\3.15.0\camel-base-3.15.0.jar;C:\Users\smajumdar\.m2\repository\org\apache\camel\camel-core-reifier\3.15.0\camel-core-reifier-3.15.0.jar;C:\Users\smajumdar\.m2\repository\org\apache\camel\camel-core-processor\3.15.0\camel-core-processor-3.15.0.jar;C:\Users\smajumdar\.m2\repository\org\apache\camel\springboot\camel-jackson-starter\3.15.0\camel-jackson-starter-3.15.0.jar;C:\Users\smajumdar\.m2\repository\org\apache\camel\camel-jackson\3.15.0\camel-jackson-3.15.0.jar;C:\Users\smajumdar\.m2\repository\org\apache\camel\springboot\camel-swagger-java-starter\3.15.0\camel-swagger-java-starter-3.15.0.jar;C:\Users\smajumdar\.m2\repository\org\apache\camel\camel-swagger-java\3.15.0\camel-swagger-java-3.15.0.jar;C:\Users\smajumdar\.m2\repository\org\apache\camel\camel-xml-jaxb\3.15.0\camel-xml-jaxb-3.15.0.jar;C:\Users\smajumdar\.m2\repository\com\sun\xml\bind\jaxb-core\2.3.0\jaxb-core-2.3.0.jar;C:\Users\smajumdar\.m2\repository\com\sun\xml\bind\jaxb-impl\2.3.3\jaxb-impl-2.3.3.jar;C:\Users\smajumdar\.m2\repository\com\sun\activation\jakarta.activation\1.2.2\jakarta.activation-1.2.2.jar;C:\Users\smajumdar\.m2\repository\com\fasterxml\jackson\core\jackson-annotations\2.13.3\jackson-annotations-2.13.3.jar;C:\Users\smajumdar\.m2\repository\com\fasterxml\jackson\datatype\jackson-datatype-joda\2.13.3\jackson-datatype-joda-2.13.3.jar;C:\Users\smajumdar\.m2\repository\joda-time\joda-time\2.10.8\joda-time-2.10.8.jar;C:\Users\smajumdar\.m2\repository\com\fasterxml\jackson\dataformat\jackson-dataformat-yaml\2.13.3\jackson-dataformat-yaml-2.13.3.jar;C:\Users\smajumdar\.m2\repository\com\fasterxml\jackson\dataformat\jackson-dataformat-xml\2.13.3\jackson-dataformat-xml-2.13.3.jar;C:\Users\smajumdar\.m2\repository\org\codehaus\woodstox\stax2-api\4.2.1\stax2-api-4.2.1.jar;C:\Users\smajumdar\.m2\repository\com\fasterxml\woodstox\woodstox-core\6.2.7\woodstox-core-6.2.7.jar;C:\Users\smajumdar\.m2\repository\com\fasterxml\jackson\jaxrs\jackson-jaxrs-json-provider\2.13.3\jackson-jaxrs-json-provider-2.13.3.jar;C:\Users\smajumdar\.m2\repository\com\fasterxml\jackson\jaxrs\jackson-jaxrs-base\2.13.3\jackson-jaxrs-base-2.13.3.jar;C:\Users\smajumdar\.m2\repository\com\fasterxml\jackson\module\jackson-module-jaxb-annotations\2.13.3\jackson-module-jaxb-annotations-2.13.3.jar;C:\Users\smajumdar\.m2\repository\com\google\guava\guava\27.1-jre\guava-27.1-jre.jar;C:\Users\smajumdar\.m2\repository\com\google\guava\failureaccess\1.0.1\failureaccess-1.0.1.jar;C:\Users\smajumdar\.m2\repository\com\google\guava\listenablefuture\9999.0-empty-to-avoid-conflict-with-guava\listenablefuture-9999.0-empty-to-avoid-conflict-with-guava.jar;C:\Users\smajumdar\.m2\repository\org\checkerframework\checker-qual\2.5.2\checker-qual-2.5.2.jar;C:\Users\smajumdar\.m2\repository\com\google\errorprone\error_prone_annotations\2.2.0\error_prone_annotations-2.2.0.jar;C:\Users\smajumdar\.m2\repository\com\google\j2objc\j2objc-annotations\1.1\j2objc-annotations-1.1.jar;C:\Users\smajumdar\.m2\repository\org\codehaus\mojo\animal-sniffer-annotations\1.17\animal-sniffer-annotations-1.17.jar;C:\Users\smajumdar\.m2\repository\org\apache\commons\commons-lang3\3.12.0\commons-lang3-3.12.0.jar;C:\Users\smajumdar\.m2\repository\io\swagger\swagger-core\1.6.2\swagger-core-1.6.2.jar;C:\Users\smajumdar\.m2\repository\io\swagger\swagger-models\1.6.2\swagger-models-1.6.2.jar;C:\Users\smajumdar\.m2\repository\javax\validation\validation-api\2.0.1.Final\validation-api-2.0.1.Final.jar;C:\Users\smajumdar\.m2\repository\io\swagger\swagger-annotations\1.6.2\swagger-annotations-1.6.2.jar;C:\Users\smajumdar\.m2\repository\io\swagger\swagger-jaxrs\1.6.2\swagger-jaxrs-1.6.2.jar;C:\Users\smajumdar\.m2\repository\javax\ws\rs\jsr311-api\1.1.1\jsr311-api-1.1.1.jar;C:\Users\smajumdar\.m2\repository\org\reflections\reflections\0.9.11\reflections-0.9.11.jar;C:\Users\smajumdar\.m2\repository\org\javassist\javassist\3.21.0-GA\javassist-3.21.0-GA.jar;C:\Users\smajumdar\.m2\repository\io\swagger\swagger-parser\1.0.51\swagger-parser-1.0.51.jar;C:\Users\smajumdar\.m2\repository\org\slf4j\slf4j-ext\1.7.36\slf4j-ext-1.7.36.jar;C:\Users\smajumdar\.m2\repository\commons-io\commons-io\2.4\commons-io-2.4.jar;C:\Users\smajumdar\.m2\repository\org\hibernate\validator\hibernate-validator\6.2.3.Final\hibernate-validator-6.2.3.Final.jar;C:\Users\smajumdar\.m2\repository\jakarta\validation\jakarta.validation-api\2.0.2\jakarta.validation-api-2.0.2.jar;C:\Users\smajumdar\.m2\repository\org\jboss\logging\jboss-logging\3.4.3.Final\jboss-logging-3.4.3.Final.jar;C:\Users\smajumdar\.m2\repository\com\fasterxml\classmate\1.5.1\classmate-1.5.1.jar;C:\Users\smajumdar\.m2\repository\org\apache\camel\springboot\camel-spring-boot-starter\3.15.0\camel-spring-boot-starter-3.15.0.jar;C:\Users\smajumdar\.m2\repository\org\apache\camel\springboot\camel-spring-boot\3.15.0\camel-spring-boot-3.15.0.jar;C:\Users\smajumdar\.m2\repository\org\apache\camel\camel-spring\3.15.0\camel-spring-3.15.0.jar;C:\Users\smajumdar\.m2\repository\org\springframework\spring-tx\5.3.20\spring-tx-5.3.20.jar;C:\Users\smajumdar\.m2\repository\org\apache\camel\camel-spring-main\3.15.0\camel-spring-main-3.15.0.jar;C:\Users\smajumdar\.m2\repository\org\apache\camel\camel-main\3.15.0\camel-main-3.15.0.jar;C:\Users\smajumdar\.m2\repository\org\apache\camel\camel-xml-jaxb-dsl\3.15.0\camel-xml-jaxb-dsl-3.15.0.jar;C:\Users\smajumdar\.m2\repository\org\apache\camel\camel-dsl-support\3.15.0\camel-dsl-support-3.15.0.jar;C:\Users\smajumdar\.m2\repository\org\apache\camel\camel-cloud\3.15.0\camel-cloud-3.15.0.jar;C:\Users\smajumdar\.m2\repository\org\apache\camel\camel-core-model\3.15.0\camel-core-model-3.15.0.jar;C:\Users\smajumdar\.m2\repository\org\apache\camel\camel-cluster\3.15.0\camel-cluster-3.15.0.jar;C:\Users\smajumdar\.m2\repository\org\apache\camel\camel-health\3.15.0\camel-health-3.15.0.jar;C:\Users\smajumdar\.m2\repository\org\apache\camel\springboot\camel-bean-starter\3.15.0\camel-bean-starter-3.15.0.jar;C:\Users\smajumdar\.m2\repository\org\apache\camel\camel-bean\3.15.0\camel-bean-3.15.0.jar;C:\Users\smajumdar\.m2\repository\org\apache\camel\springboot\camel-browse-starter\3.15.0\camel-browse-starter-3.15.0.jar;C:\Users\smajumdar\.m2\repository\org\apache\camel\camel-browse\3.15.0\camel-browse-3.15.0.jar;C:\Users\smajumdar\.m2\repository\org\apache\camel\springboot\camel-controlbus-starter\3.15.0\camel-controlbus-starter-3.15.0.jar;C:\Users\smajumdar\.m2\repository\org\apache\camel\camel-controlbus\3.15.0\camel-controlbus-3.15.0.jar;C:\Users\smajumdar\.m2\repository\org\apache\camel\springboot\camel-dataformat-starter\3.15.0\camel-dataformat-starter-3.15.0.jar;C:\Users\smajumdar\.m2\repository\org\apache\camel\camel-dataformat\3.15.0\camel-dataformat-3.15.0.jar;C:\Users\smajumdar\.m2\repository\org\apache\camel\springboot\camel-dataset-starter\3.15.0\camel-dataset-starter-3.15.0.jar;C:\Users\smajumdar\.m2\repository\org\apache\camel\camel-dataset\3.15.0\camel-dataset-3.15.0.jar;C:\Users\smajumdar\.m2\repository\org\apache\camel\springboot\camel-direct-starter\3.15.0\camel-direct-starter-3.15.0.jar;C:\Users\smajumdar\.m2\repository\org\apache\camel\camel-direct\3.15.0\camel-direct-3.15.0.jar;C:\Users\smajumdar\.m2\repository\org\apache\camel\springboot\camel-directvm-starter\3.15.0\camel-directvm-starter-3.15.0.jar;C:\Users\smajumdar\.m2\repository\org\apache\camel\camel-directvm\3.15.0\camel-directvm-3.15.0.jar;C:\Users\smajumdar\.m2\repository\org\apache\camel\springboot\camel-file-starter\3.15.0\camel-file-starter-3.15.0.jar;C:\Users\smajumdar\.m2\repository\org\apache\camel\camel-file\3.15.0\camel-file-3.15.0.jar;C:\Users\smajumdar\.m2\repository\org\apache\camel\springboot\camel-language-starter\3.15.0\camel-language-starter-3.15.0.jar;C:\Users\smajumdar\.m2\repository\org\apache\camel\camel-language\3.15.0\camel-language-3.15.0.jar;C:\Users\smajumdar\.m2\repository\org\apache\camel\springboot\camel-log-starter\3.15.0\camel-log-starter-3.15.0.jar;C:\Users\smajumdar\.m2\repository\org\apache\camel\camel-log\3.15.0\camel-log-3.15.0.jar;C:\Users\smajumdar\.m2\repository\org\apache\camel\springboot\camel-mock-starter\3.15.0\camel-mock-starter-3.15.0.jar;C:\Users\smajumdar\.m2\repository\org\apache\camel\camel-mock\3.15.0\camel-mock-3.15.0.jar;C:\Users\smajumdar\.m2\repository\org\apache\camel\springboot\camel-ref-starter\3.15.0\camel-ref-starter-3.15.0.jar;C:\Users\smajumdar\.m2\repository\org\apache\camel\camel-ref\3.15.0\camel-ref-3.15.0.jar;C:\Users\smajumdar\.m2\repository\org\apache\camel\springboot\camel-rest-starter\3.15.0\camel-rest-starter-3.15.0.jar;C:\Users\smajumdar\.m2\repository\org\apache\camel\camel-rest\3.15.0\camel-rest-3.15.0.jar;C:\Users\smajumdar\.m2\repository\org\apache\camel\camel-tooling-model\3.15.0\camel-tooling-model-3.15.0.jar;C:\Users\smajumdar\.m2\repository\org\apache\camel\camel-util-json\3.15.0\camel-util-json-3.15.0.jar;C:\Users\smajumdar\.m2\repository\org\apache\camel\springboot\camel-saga-starter\3.15.0\camel-saga-starter-3.15.0.jar;C:\Users\smajumdar\.m2\repository\org\apache\camel\camel-saga\3.15.0\camel-saga-3.15.0.jar;C:\Users\smajumdar\.m2\repository\org\apache\camel\springboot\camel-scheduler-starter\3.15.0\camel-scheduler-starter-3.15.0.jar;C:\Users\smajumdar\.m2\repository\org\apache\camel\camel-scheduler\3.15.0\camel-scheduler-3.15.0.jar;C:\Users\smajumdar\.m2\repository\org\apache\camel\springboot\camel-seda-starter\3.15.0\camel-seda-starter-3.15.0.jar;C:\Users\smajumdar\.m2\repository\org\apache\camel\camel-seda\3.15.0\camel-seda-3.15.0.jar;C:\Users\smajumdar\.m2\repository\org\apache\camel\springboot\camel-stub-starter\3.15.0\camel-stub-starter-3.15.0.jar;C:\Users\smajumdar\.m2\repository\org\apache\camel\camel-stub\3.15.0\camel-stub-3.15.0.jar;C:\Users\smajumdar\.m2\repository\org\apache\camel\springboot\camel-timer-starter\3.15.0\camel-timer-starter-3.15.0.jar;C:\Users\smajumdar\.m2\repository\org\apache\camel\camel-timer\3.15.0\camel-timer-3.15.0.jar;C:\Users\smajumdar\.m2\repository\org\apache\camel\springboot\camel-validator-starter\3.15.0\camel-validator-starter-3.15.0.jar;C:\Users\smajumdar\.m2\repository\org\apache\camel\camel-validator\3.15.0\camel-validator-3.15.0.jar;C:\Users\smajumdar\.m2\repository\org\apache\camel\springboot\camel-vm-starter\3.15.0\camel-vm-starter-3.15.0.jar;C:\Users\smajumdar\.m2\repository\org\apache\camel\camel-vm\3.15.0\camel-vm-3.15.0.jar;C:\Users\smajumdar\.m2\repository\org\apache\camel\springboot\camel-xpath-starter\3.15.0\camel-xpath-starter-3.15.0.jar;C:\Users\smajumdar\.m2\repository\org\apache\camel\camel-xpath\3.15.0\camel-xpath-3.15.0.jar;C:\Users\smajumdar\.m2\repository\org\apache\camel\springboot\camel-xslt-starter\3.15.0\camel-xslt-starter-3.15.0.jar;C:\Users\smajumdar\.m2\repository\org\apache\camel\camel-xslt\3.15.0\camel-xslt-3.15.0.jar;C:\Users\smajumdar\.m2\repository\org\apache\camel\springboot\camel-xml-jaxp-starter\3.15.0\camel-xml-jaxp-starter-3.15.0.jar;C:\Users\smajumdar\.m2\repository\org\apache\camel\camel-xml-jaxp\3.15.0\camel-xml-jaxp-3.15.0.jar;C:\Users\smajumdar\.m2\repository\org\apache\camel\camel-xml-io-util\3.15.0\camel-xml-io-util-3.15.0.jar;C:\Users\smajumdar\.m2\repository\org\apache\camel\springboot\camel-ftp-starter\3.15.0\camel-ftp-starter-3.15.0.jar;C:\Users\smajumdar\.m2\repository\org\apache\camel\camel-ftp\3.15.0\camel-ftp-3.15.0.jar;C:\Users\smajumdar\.m2\repository\org\apache\camel\camel-core-catalog\3.15.0\camel-core-catalog-3.15.0.jar;C:\Users\smajumdar\.m2\repository\com\jcraft\jsch\0.1.55\jsch-0.1.55.jar;C:\Users\smajumdar\.m2\repository\commons-net\commons-net\3.8.0\commons-net-3.8.0.jar;C:\Users\smajumdar\.m2\repository\org\apache\camel\camel-test-spring-junit5\3.15.0\camel-test-spring-junit5-3.15.0.jar;C:\Users\smajumdar\.m2\repository\org\apache\camel\camel-test-junit5\3.15.0\camel-test-junit5-3.15.0.jar;C:\Users\smajumdar\.m2\repository\org\apache\camel\camel-core-languages\3.15.0\camel-core-languages-3.15.0.jar;C:\Users\smajumdar\.m2\repository\org\apache\camel\camel-spring-xml\3.15.0\camel-spring-xml-3.15.0.jar;C:\Users\smajumdar\.m2\repository\org\apache\camel\camel-core-xml\3.15.0\camel-core-xml-3.15.0.jar;C:\Users\smajumdar\.m2\repository\javax\annotation\javax.annotation-api\1.3.2\javax.annotation-api-1.3.2.jar;"/>
    <property name="sun.cpu.endian" value="little"/>
    <property name="user.home" value="C:\Users\smajumdar"/>
    <property name="user.language" value="en"/>
    <property name="java.specification.vendor" value="Oracle Corporation"/>
    <property name="java.version.date" value="2022-01-18"/>
    <property name="java.home" value="C:\Harman\java\jdk17"/>
    <property name="file.separator" value="\"/>
    <property name="basedir" value="C:\Harman\Projects\javaworkspaces\spring-boot-camel"/>
    <property name="java.vm.compressedOopsMode" value="Zero based"/>
    <property name="line.separator" value="&#10;"/>
    <property name="java.vm.specification.vendor" value="Oracle Corporation"/>
    <property name="java.specification.name" value="Java Platform API Specification"/>
    <property name="surefire.real.class.path" value="C:\Users\SMAJUM~1\AppData\Local\Temp\surefire9186547301951393636\surefirebooter8898119509615125500.jar"/>
    <property name="user.script" value=""/>
    <property name="sun.management.compiler" value="HotSpot 64-Bit Tiered Compilers"/>
    <property name="java.runtime.version" value="17.0.2+8-86"/>
    <property name="user.name" value="smajumdar"/>
    <property name="path.separator" value=";"/>
    <property name="os.version" value="10.0"/>
    <property name="java.runtime.name" value="OpenJDK Runtime Environment"/>
    <property name="file.encoding" value="Cp1252"/>
    <property name="java.vm.name" value="OpenJDK 64-Bit Server VM"/>
    <property name="localRepository" value="C:\Users\smajumdar\.m2\repository"/>
    <property name="java.vendor.url.bug" value="https://bugreport.java.com/bugreport/"/>
    <property name="java.io.tmpdir" value="C:\Users\SMAJUM~1\AppData\Local\Temp\"/>
    <property name="idea.version" value="2022.1.1"/>
    <property name="java.version" value="17.0.2"/>
    <property name="user.dir" value="C:\Harman\Projects\javaworkspaces\spring-boot-camel"/>
    <property name="os.arch" value="amd64"/>
    <property name="java.vm.specification.name" value="Java Virtual Machine Specification"/>
    <property name="sun.os.patch.level" value=""/>
    <property name="native.encoding" value="Cp1252"/>
    <property name="java.library.path" value="C:\Harman\java\jdk17\bin;C:\Windows\Sun\Java\bin;C:\Windows\system32;C:\Windows;C:\Windows\system32;C:\Windows;C:\Windows\System32\Wbem;C:\Windows\System32\WindowsPowerShell\v1.0\;C:\Windows\System32\OpenSSH\;C:\Windows\CCM;C:\Windows\CCM;C:\Program Files (x86)\Sennheiser\SenncomSDK\;C:\Program Files (x86)\Webex\Plugins;C:\Program Files (x86)\dotnet\;C:\Harman\java\java8\bin;C:\Program Files\nodejs\;C:\Program Files\PuTTY\;C:\Program Files\Git\cmd;C:\Users\smajumdar\AppData\Local\Microsoft\WindowsApps;;C:\Users\smajumdar\AppData\Local\Programs\Microsoft VS Code\bin;C:\Program Files\JetBrains\PyCharm Community Edition 2021.3.2\bin;;C:\Users\smajumdar\AppData\Roaming\npm;."/>
    <property name="java.vm.info" value="mixed mode, sharing"/>
    <property name="java.vendor" value="Oracle Corporation"/>
    <property name="java.vm.version" value="17.0.2+8-86"/>
    <property name="sun.io.unicode.encoding" value="UnicodeLittle"/>
    <property name="java.class.version" value="61.0"/>
  </properties>
  <testcase name="whenSendBody_thenGreetingReceivedSuccessfully" classname="com.baeldung.camel.boot.testing.GreetingsFileRouterUnitTest" time="1.22"/>
</testsuite>